{"numTotalTestSuites":4,"numPassedTestSuites":2,"numFailedTestSuites":2,"numPendingTestSuites":0,"numTotalTests":6,"numPassedTests":0,"numFailedTests":0,"numPendingTests":6,"numTodoTests":0,"snapshot":{"added":0,"failure":false,"filesAdded":0,"filesRemoved":0,"filesRemovedList":[],"filesUnmatched":0,"filesUpdated":0,"matched":0,"total":0,"unchecked":0,"uncheckedKeysByFile":[],"unmatched":0,"updated":0,"didUpdate":false},"startTime":1773581533176,"success":false,"testResults":[{"assertionResults":[{"ancestorTitles":["Admin Verification"],"fullName":"Admin Verification should have the correct protocol admin","status":"skipped","title":"should have the correct protocol admin","failureMessages":[],"meta":{}}],"startTime":1773581533176,"endTime":1773581533176,"status":"failed","message":"error: expected ',' separating key-value pairs in tuple\n--> /app/contracts/identity/kyc-registry.clar:15:5\n    flags: uint\n    ^~~~~\nerror: expected ',' separating key-value pairs in tuple\n--> /app/contracts/identity/kyc-registry.clar:16:5\n    country: (string-ascii 3)\n    ^~~~~~~\nerror: expected ',' separating key-value pairs in tuple\n--> /app/contracts/identity/kyc-registry.clar:30:7\n      flags: flags\n      ^~~~~\nerror: expected ',' separating key-value pairs in tuple\n--> /app/contracts/identity/kyc-registry.clar:31:7\n      country: country\n      ^~~~~~~\nerror: expected ',' separating key-value pairs in tuple\n--> /app/contracts/identity/kyc-registry.clar:48:26\n  (default-to { tier: u0 flags: u0 country: \"???\" } (map-get? identity-status user))\n                         ^~~~~\nerror: expected ',' separating key-value pairs in tuple\n--> /app/contracts/identity/kyc-registry.clar:48:36\n  (default-to { tier: u0 flags: u0 country: \"???\" } (map-get? identity-status user))\n                                   ^~~~~~~\nerror: expected ',' separating key-value pairs in tuple\n--> /app/contracts/governance/reputation-engine.clar:20:5\n    score: uint\n    ^~~~~\nerror: expected ',' separating key-value pairs in tuple\n--> /app/contracts/governance/reputation-engine.clar:68:7\n      score: INITIAL_ACTIVITY_SCORE\n      ^~~~~\nerror: expected ',' separating key-value pairs in tuple\n--> /app/contracts/governance/timelock.clar:39:9\n        executed: bool\n        ^~~~~~~~\nerror: expected ',' separating key-value pairs in tuple\n--> /app/contracts/governance/timelock.clar:40:9\n        target: principal\n        ^~~~~~\nerror: expected ',' separating key-value pairs in tuple\n--> /app/contracts/governance/timelock.clar:48:9\n        proposal: proposal\n        ^~~~~~~~\nerror: expected ',' separating key-value pairs in tuple\n--> /app/contracts/governance/timelock.clar:49:9\n        eta: eta\n        ^~~\nerror: expected ',' separating key-value pairs in tuple\n--> /app/contracts/governance/timelock.clar:50:9\n        target: target\n        ^~~~~~\nerror: expected ',' separating key-value pairs in tuple\n--> /app/contracts/governance/timelock.clar:51:9\n        timestamp: burn-block-height\n        ^~~~~~~~~\nerror: expected ',' separating key-value pairs in tuple\n--> /app/contracts/governance/timelock.clar:58:9\n        proposal: proposal\n        ^~~~~~~~\nerror: expected ',' separating key-value pairs in tuple\n--> /app/contracts/governance/timelock.clar:59:9\n        target: target\n        ^~~~~~\nerror: expected ',' separating key-value pairs in tuple\n--> /app/contracts/governance/timelock.clar:60:9\n        timestamp: burn-block-height\n        ^~~~~~~~~\nerror: expected ',' separating key-value pairs in tuple\n--> /app/contracts/governance/timelock.clar:67:9\n        proposal: proposal\n        ^~~~~~~~\nerror: expected ',' separating key-value pairs in tuple\n--> /app/contracts/governance/timelock.clar:68:9\n        timestamp: burn-block-height\n        ^~~~~~~~~\nerror: expected ',' separating key-value pairs in tuple\n--> /app/contracts/governance/timelock.clar:109:17\n                executed: false\n                ^~~~~~~~\nerror: expected ',' separating key-value pairs in tuple\n--> /app/contracts/governance/timelock.clar:110:17\n                target: target\n                ^~~~~~\nerror: expected ',' separating key-value pairs in tuple\n--> /app/contracts/governance/timelock.clar:171:13\n            old-admin: tx-sender\n            ^~~~~~~~~\nerror: expected ',' separating key-value pairs in tuple\n--> /app/contracts/governance/timelock.clar:172:13\n            new-admin: new-admin\n            ^~~~~~~~~\nerror: expected ',' separating key-value pairs in tuple\n--> /app/contracts/governance/timelock.clar:173:13\n            timestamp: burn-block-height\n            ^~~~~~~~~\nerror: expected ',' separating key-value pairs in tuple\n--> /app/contracts/governance/timelock.clar:208:9\n        has-valid-delay: (and (>= (var-get delay) MIN_DELAY) (<= (var-get delay) MAX_DELAY))\n        ^~~~~~~~~~~~~~~\nerror: expected ',' separating key-value pairs in tuple\n--> /app/contracts/governance/timelock.clar:209:9\n        governance-contract: (var-get governance-contract)\n        ^~~~~~~~~~~~~~~~~~~\nerror: expected ',' separating key-value pairs in tuple\n--> /app/contracts/governance/timelock.clar:210:9\n        timestamp: burn-block-height\n        ^~~~~~~~~\nerror: expected ',' separating key-value pairs in tuple\n--> /app/contracts/position-factory.clar:14:5\n    pool: principal\n    ^~~~\nerror: expected ',' separating key-value pairs in tuple\n--> /app/contracts/position-factory.clar:15:5\n    amount: uint\n    ^~~~~~\nerror: expected ',' separating key-value pairs in tuple\n--> /app/contracts/position-factory.clar:16:5\n    created: uint\n    ^~~~~~~\nerror: expected ',' separating key-value pairs in tuple\n--> /app/contracts/position-factory.clar:32:7\n      pool: pool\n      ^~~~\nerror: expected ',' separating key-value pairs in tuple\n--> /app/contracts/position-factory.clar:33:7\n      amount: amount\n      ^~~~~~\nerror: expected ',' separating key-value pairs in tuple\n--> /app/contracts/position-factory.clar:34:7\n      created: burn-block-height\n      ^~~~~~~\nerror: expected ',' separating key-value pairs in tuple\n--> /app/contracts/dex/dex-factory.clar:2:64\n(define-map csf-registry principal { name: (string-ascii 256)  active: bool })\n                                                               ^~~~~~\nerror: expected ',' separating key-value pairs in tuple\n--> /app/contracts/dex/dex-factory.clar:6:50\n    (map-set csf-registry protocol { name: name  active: true })\n                                                 ^~~~~~\nerror: expected ',' separating key-value pairs in tuple\n--> /app/contracts/test-helpers/mock-proposal.clar:37:41\n    (print { event: \"proposal-executed\" proposer: (var-get proposer) executor: caller })\n                                        ^~~~~~~~\nerror: expected ',' separating key-value pairs in tuple\n--> /app/contracts/test-helpers/mock-proposal.clar:37:70\n    (print { event: \"proposal-executed\" proposer: (var-get proposer) executor: caller })\n                                                                     ^~~~~~~~\nerror: expected ',' separating key-value pairs in tuple\n--> /app/contracts/governance/enhanced-governance-nft.clar:34:5\n    voting-power: uint\n    ^~~~~~~~~~~~\nerror: expected ',' separating key-value pairs in tuple\n--> /app/contracts/governance/enhanced-governance-nft.clar:35:5\n    member-type: (string-ascii 20) ;; \"human\" \"autonomous-agent\"\n    ^~~~~~~~~~~\nerror: expected ',' separating key-value pairs in tuple\n--> /app/contracts/governance/enhanced-governance-nft.clar:36:5\n    created-at: uint\n    ^~~~~~~~~~\nerror: expected ',' separating key-value pairs in tuple\n--> /app/contracts/governance/enhanced-governance-nft.clar:44:5\n    council-id: uint\n    ^~~~~~~~~~\nerror: expected ',' separating key-value pairs in tuple\n--> /app/contracts/governance/enhanced-governance-nft.clar:114:9\n        council-id: council-id\n        ^~~~~~~~~~\nerror: expected ',' separating key-value pairs in tuple\n--> /app/contracts/governance/enhanced-governance-nft.clar:123:7\n      voting-power: voting-power\n      ^~~~~~~~~~~~\nerror: expected ',' separating key-value pairs in tuple\n--> /app/contracts/governance/enhanced-governance-nft.clar:124:7\n      member-type: member-type\n      ^~~~~~~~~~~\nerror: expected ',' separating key-value pairs in tuple\n--> /app/contracts/governance/enhanced-governance-nft.clar:125:7\n      created-at: burn-block-height\n      ^~~~~~~~~~\nerror: expected ',' separating key-value pairs in tuple\n--> /app/contracts/governance/enhanced-governance-nft.clar:130:7\n      council-id: council-id\n      ^~~~~~~~~~\nerror: expected ',' separating key-value pairs in tuple\n--> /app/contracts/governance/enhanced-governance-nft.clar:161:7\n      council-id: council-id\n      ^~~~~~~~~~\nerror: expected ',' separating key-value pairs in tuple\n--> /app/contracts/governance/enhanced-governance-nft.clar:181:7\n      council-id: council-id\n      ^~~~~~~~~~\nerror: expected ',' separating key-value pairs in tuple\n--> /app/contracts/governance/signed-data-base.clar:15:9\n        timestamp: uint\n        ^~~~~~~~~\nerror: expected ',' separating key-value pairs in tuple\n--> /app/contracts/governance/signed-data-base.clar:16:9\n        data-uri: (string-ascii 256)\n        ^~~~~~~~\nerror: expected ',' separating key-value pairs in tuple\n--> /app/contracts/governance/signed-data-base.clar:36:13\n            timestamp: burn-block-height\n            ^~~~~~~~~\nerror: expected ',' separating key-value pairs in tuple\n--> /app/contracts/governance/signed-data-base.clar:37:13\n            data-uri: uri\n            ^~~~~~~~\nerror: expected ',' separating key-value pairs in tuple\n--> /app/contracts/governance/signed-data-base.clar:39:39\n        (print { event: \"data-stored\" hash: hash signer: tx-sender })\n                                      ^~~~\nerror: expected ',' separating key-value pairs in tuple\n--> /app/contracts/governance/signed-data-base.clar:39:50\n        (print { event: \"data-stored\" hash: hash signer: tx-sender })\n                                                 ^~~~~~\nerror: expected ',' separating key-value pairs in tuple\n--> /app/contracts/dex/concentrated-liquidity-pool.clar:6:32\n  (ok { amount-out: amount-in  fee-collected: (/ (* amount-in u30) u10000) })\n                               ^~~~~~~~~~~~~\nerror: expected ',' separating key-value pairs in tuple\n--> /app/contracts/dex/concentrated-liquidity-pool.clar:11:54\n(define-public (get-csf-health) (ok { tvl: u1000000  utilization: u500  is-active: true }))\n                                                     ^~~~~~~~~~~\nerror: expected ',' separating key-value pairs in tuple\n--> /app/contracts/dex/concentrated-liquidity-pool.clar:11:73\n(define-public (get-csf-health) (ok { tvl: u1000000  utilization: u500  is-active: true }))\n                                                                        ^~~~~~~~~\nerror: expected ',' separating key-value pairs in tuple\n--> /app/contracts/core/risk-manager.clar:23:5\n    last-update: uint\n    ^~~~~~~~~~~\nerror: expected ',' separating key-value pairs in tuple\n--> /app/contracts/core/risk-manager.clar:66:9\n        last-update: burn-block-height\n        ^~~~~~~~~~~\nerror: expected ',' separating key-value pairs in tuple\n--> /app/contracts/core/risk-manager.clar:111:9\n        position-id: position-id\n        ^~~~~~~~~~~\nerror: expected ',' separating key-value pairs in tuple\n--> /app/contracts/core/risk-manager.clar:112:9\n        health-factor: hf\n        ^~~~~~~~~~~~~\nerror: expected ',' separating key-value pairs in tuple\n--> /app/contracts/core/risk-manager.clar:113:9\n        system-risk: current-risk\n        ^~~~~~~~~~~\nerror: expected ',' separating key-value pairs in tuple\n--> /app/contracts/core/risk-manager.clar:114:9\n        threshold: adjusted-threshold\n        ^~~~~~~~~\nerror: expected ',' separating key-value pairs in tuple\n--> /app/contracts/gateway/intent-solver-gateway.clar:17:75\n(define-map registered-dapps principal { metadata-uri: (string-ascii 256) registered-at: uint })\n                                                                          ^~~~~~~~~~~~~\nerror: expected ',' separating key-value pairs in tuple\n--> /app/contracts/gateway/intent-solver-gateway.clar:39:7\n      intent-id: intent-id\n      ^~~~~~~~~\nerror: expected ',' separating key-value pairs in tuple\n--> /app/contracts/gateway/intent-solver-gateway.clar:40:7\n      solver: solver\n      ^~~~~~\nerror: expected ',' separating key-value pairs in tuple\n--> /app/contracts/gateway/intent-solver-gateway.clar:41:7\n      timestamp: burn-block-height\n      ^~~~~~~~~\nerror: expected ',' separating key-value pairs in tuple\n--> /app/contracts/gateway/intent-solver-gateway.clar:58:7\n      registered-at: burn-block-height\n      ^~~~~~~~~~~~~\nerror: expected ',' separating key-value pairs in tuple\n--> /app/contracts/lending/lending-manager.clar:19:5\n    total-borrows: uint\n    ^~~~~~~~~~~~~\nerror: expected ',' separating key-value pairs in tuple\n--> /app/contracts/lending/lending-manager.clar:20:5\n    total-reserves: uint\n    ^~~~~~~~~~~~~~\nerror: expected ',' separating key-value pairs in tuple\n--> /app/contracts/lending/lending-manager.clar:21:5\n    last-updated: uint\n    ^~~~~~~~~~~~\nerror: expected ',' separating key-value pairs in tuple\n--> /app/contracts/lending/lending-manager.clar:25:41\n(define-map deposits { asset: principal user: principal } uint)\n                                        ^~~~\nerror: expected ',' separating key-value pairs in tuple\n--> /app/contracts/lending/lending-manager.clar:26:40\n(define-map borrows { asset: principal user: principal } uint)\n                                       ^~~~\nerror: expected ',' separating key-value pairs in tuple\n--> /app/contracts/lending/lending-manager.clar:34:47\n    (reserve (default-to { total-deposits: u0 total-borrows: u0 total-reserves: u0 last-updated: burn-block-height } (map-get? reserve-data asset)))\n                                              ^~~~~~~~~~~~~\nerror: expected ',' separating key-value pairs in tuple\n--> /app/contracts/lending/lending-manager.clar:34:65\n    (reserve (default-to { total-deposits: u0 total-borrows: u0 total-reserves: u0 last-updated: burn-block-height } (map-get? reserve-data asset)))\n                                                                ^~~~~~~~~~~~~~\nerror: expected ',' separating key-value pairs in tuple\n--> /app/contracts/lending/lending-manager.clar:34:84\n    (reserve (default-to { total-deposits: u0 total-borrows: u0 total-reserves: u0 last-updated: burn-block-height } (map-get? reserve-data asset)))\n                                                                                   ^~~~~~~~~~~~\nerror: expected ',' separating key-value pairs in tuple\n--> /app/contracts/lending/lending-manager.clar:40:40\n      (map-set deposits { asset: asset user: tx-sender } (+ (default-to u0 (map-get? deposits { asset: asset user: tx-sender })) amount))\n                                       ^~~~\nerror: expected ',' separating key-value pairs in tuple\n--> /app/contracts/lending/lending-manager.clar:40:110\n      (map-set deposits { asset: asset user: tx-sender } (+ (default-to u0 (map-get? deposits { asset: asset user: tx-sender })) amount))\n                                                                                                             ^~~~\nerror: expected ',' separating key-value pairs in tuple\n--> /app/contracts/lending/lending-manager.clar:55:39\n      (map-set borrows { asset: asset user: tx-sender } (+ (default-to u0 (map-get? borrows { asset: asset user: tx-sender })) amount))\n                                      ^~~~\nerror: expected ',' separating key-value pairs in tuple\n--> /app/contracts/lending/lending-manager.clar:55:108\n      (map-set borrows { asset: asset user: tx-sender } (+ (default-to u0 (map-get? borrows { asset: asset user: tx-sender })) amount))\n                                                                                                           ^~~~\nerror: expected ',' separating key-value pairs in tuple\n--> /app/contracts/lending/lending-manager.clar:76:60\n        err-val (begin (print { event: \"bme-report-failed\" error: err-val }) false)\n                                                           ^~~~~\nerror: expected ',' separating key-value pairs in tuple\n--> /app/contracts/lending/lending-manager.clar:81:9\n        total-reserves: (+ (get total-reserves reserve) interest-portion)\n        ^~~~~~~~~~~~~~\nerror: expected ',' separating key-value pairs in tuple\n--> /app/contracts/lending/lending-manager.clar:108:37\n  (map-get? deposits { asset: asset user: user })\n                                    ^~~~\nerror: expected ',' separating key-value pairs in tuple\n--> /app/contracts/lending/lending-manager.clar:115:68\n    (user-deposit (default-to u0 (map-get? deposits { asset: asset user: tx-sender })))\n                                                                   ^~~~\nerror: expected ',' separating key-value pairs in tuple\n--> /app/contracts/lending/lending-manager.clar:116:47\n    (reserve (default-to { total-deposits: u0 total-borrows: u0 total-reserves: u0 last-updated: burn-block-height } (map-get? reserve-data asset)))\n                                              ^~~~~~~~~~~~~\nerror: expected ',' separating key-value pairs in tuple\n--> /app/contracts/lending/lending-manager.clar:116:65\n    (reserve (default-to { total-deposits: u0 total-borrows: u0 total-reserves: u0 last-updated: burn-block-height } (map-get? reserve-data asset)))\n                                                                ^~~~~~~~~~~~~~\nerror: expected ',' separating key-value pairs in tuple\n--> /app/contracts/lending/lending-manager.clar:116:84\n    (reserve (default-to { total-deposits: u0 total-borrows: u0 total-reserves: u0 last-updated: burn-block-height } (map-get? reserve-data asset)))\n                                                                                   ^~~~~~~~~~~~\nerror: expected ',' separating key-value pairs in tuple\n--> /app/contracts/lending/lending-manager.clar:120:40\n      (map-set deposits { asset: asset user: tx-sender } (- user-deposit amount))\n                                       ^~~~\nerror: expected ',' separating key-value pairs in tuple\n--> /app/contracts/agents/agent-risk.clar:10:73\n(define-read-only (get-health-metrics) (ok { uptime: burn-block-height  error-rate: u0  last-heartbeat: burn-block-height }))\n                                                                        ^~~~~~~~~~\nerror: expected ',' separating key-value pairs in tuple\n--> /app/contracts/agents/agent-risk.clar:10:89\n(define-read-only (get-health-metrics) (ok { uptime: burn-block-height  error-rate: u0  last-heartbeat: burn-block-height }))\n                                                                                        ^~~~~~~~~~~~~~\nerror: expected ',' separating key-value pairs in tuple\n--> /app/contracts/compliance/compliance-manager.clar:20:9\n        kyc-level: uint\n        ^~~~~~~~~\nerror: expected ',' separating key-value pairs in tuple\n--> /app/contracts/compliance/compliance-manager.clar:21:9\n        travel-rule-checked: bool\n        ^~~~~~~~~~~~~~~~~~~\nerror: expected ',' separating key-value pairs in tuple\n--> /app/contracts/compliance/compliance-manager.clar:22:9\n        last-updated: uint\n        ^~~~~~~~~~~~\nerror: expected ',' separating key-value pairs in tuple\n--> /app/contracts/compliance/compliance-manager.clar:71:13\n            kyc-level: kyc-level\n            ^~~~~~~~~\nerror: expected ',' separating key-value pairs in tuple\n--> /app/contracts/compliance/compliance-manager.clar:72:13\n            travel-rule-checked: travel-rule-checked\n            ^~~~~~~~~~~~~~~~~~~\nerror: expected ',' separating key-value pairs in tuple\n--> /app/contracts/compliance/compliance-manager.clar:73:13\n            last-updated: burn-block-height\n            ^~~~~~~~~~~~\nerror: expected ',' separating key-value pairs in tuple\n--> /app/contracts/compliance/compliance-manager.clar:77:13\n            user: user\n            ^~~~\nerror: expected ',' separating key-value pairs in tuple\n--> /app/contracts/compliance/compliance-manager.clar:78:13\n            kyc-level: kyc-level\n            ^~~~~~~~~\nerror: expected ',' separating key-value pairs in tuple\n--> /app/contracts/compliance/compliance-manager.clar:79:13\n            timestamp: burn-block-height\n            ^~~~~~~~~\nerror: expected ',' separating key-value pairs in tuple\n--> /app/contracts/governance/voting.clar:23:9\n        end-time: uint\n        ^~~~~~~~\nerror: expected ',' separating key-value pairs in tuple\n--> /app/contracts/governance/voting.clar:24:9\n        yes-votes: uint\n        ^~~~~~~~~\nerror: expected ',' separating key-value pairs in tuple\n--> /app/contracts/governance/voting.clar:25:9\n        no-votes: uint\n        ^~~~~~~~\nerror: expected ',' separating key-value pairs in tuple\n--> /app/contracts/governance/voting.clar:26:9\n        executed: bool\n        ^~~~~~~~\nerror: expected ',' separating key-value pairs in tuple\n--> /app/contracts/governance/voting.clar:30:39\n(define-map votes { proposal-id: uint voter: principal } bool)\n                                      ^~~~~\nerror: expected ',' separating key-value pairs in tuple\n--> /app/contracts/governance/voting.clar:54:13\n            end-time: end-time\n            ^~~~~~~~\nerror: expected ',' separating key-value pairs in tuple\n--> /app/contracts/governance/voting.clar:55:13\n            yes-votes: u0\n            ^~~~~~~~~\nerror: expected ',' separating key-value pairs in tuple\n--> /app/contracts/governance/voting.clar:56:13\n            no-votes: u0\n            ^~~~~~~~\nerror: expected ',' separating key-value pairs in tuple\n--> /app/contracts/governance/voting.clar:57:13\n            executed: false\n            ^~~~~~~~\nerror: expected ',' separating key-value pairs in tuple\n--> /app/contracts/governance/voting.clar:66:13\n            proposal-id: proposal-id\n            ^~~~~~~~~~~\nerror: expected ',' separating key-value pairs in tuple\n--> /app/contracts/governance/voting.clar:67:13\n            start-time: start-time\n            ^~~~~~~~~~\nerror: expected ',' separating key-value pairs in tuple\n--> /app/contracts/governance/voting.clar:68:13\n            tenure-id: tenure-id\n            ^~~~~~~~~\nerror: expected ',' separating key-value pairs in tuple\n--> /app/contracts/governance/voting.clar:69:13\n            timestamp: burn-block-height\n            ^~~~~~~~~\nerror: expected ',' separating key-value pairs in tuple\n--> /app/contracts/governance/voting.clar:87:71\n        (asserts! (is-none (map-get? votes { proposal-id: proposal-id voter: tx-sender })) (err ERR_ALREADY_VOTED))\n                                                                      ^~~~~\nerror: expected ',' separating key-value pairs in tuple\n--> /app/contracts/governance/voting.clar:92:51\n        (map-set votes { proposal-id: proposal-id voter: tx-sender } true)\n                                                  ^~~~~\nerror: expected ',' separating key-value pairs in tuple\n--> /app/contracts/governance/voting.clar:97:13\n            no-votes: (if (not support) (+ (get no-votes proposal) voter-power) (get no-votes proposal))\n            ^~~~~~~~\nerror: expected ',' separating key-value pairs in tuple\n--> /app/contracts/governance/voting.clar:100:37\n        (print { event: \"vote-cast\" proposal-id: proposal-id voter: tx-sender power: voter-power support: support timestamp: burn-block-height })\n                                    ^~~~~~~~~~~\nerror: expected ',' separating key-value pairs in tuple\n--> /app/contracts/governance/voting.clar:100:62\n        (print { event: \"vote-cast\" proposal-id: proposal-id voter: tx-sender power: voter-power support: support timestamp: burn-block-height })\n                                                             ^~~~~\nerror: expected ',' separating key-value pairs in tuple\n--> /app/contracts/governance/voting.clar:100:79\n        (print { event: \"vote-cast\" proposal-id: proposal-id voter: tx-sender power: voter-power support: support timestamp: burn-block-height })\n                                                                              ^~~~~\nerror: expected ',' separating key-value pairs in tuple\n--> /app/contracts/governance/voting.clar:100:98\n        (print { event: \"vote-cast\" proposal-id: proposal-id voter: tx-sender power: voter-power support: support timestamp: burn-block-height })\n                                                                                                 ^~~~~~~\nerror: expected ',' separating key-value pairs in tuple\n--> /app/contracts/governance/voting.clar:100:115\n        (print { event: \"vote-cast\" proposal-id: proposal-id voter: tx-sender power: voter-power support: support timestamp: burn-block-height })\n                                                                                                                  ^~~~~~~~~\nerror: expected ',' separating key-value pairs in tuple\n--> /app/contracts/monitoring/finance-metrics.clar:18:9\n        solvency-ratio: u15000\n        ^~~~~~~~~~~~~~\nerror: expected ',' separating key-value pairs in tuple\n--> /app/contracts/monitoring/finance-metrics.clar:19:9\n        active-positions: u0\n        ^~~~~~~~~~~~~~~~\nerror: expected ',' separating key-value pairs in tuple\n--> /app/contracts/monitoring/finance-metrics.clar:20:9\n        volume-24h: u0\n        ^~~~~~~~~~\nerror: expected ',' separating key-value pairs in tuple\n--> /app/contracts/oracle/oracle-aggregator.clar:3:52\n(define-map asset-registry principal { tier: uint  is-yield-bearing: bool })\n                                                   ^~~~~~~~~~~~~~~~\nerror: expected ',' separating key-value pairs in tuple\n--> /app/contracts/oracle/oracle-aggregator.clar:5:149\n  (begin (asserts! (is-eq tx-sender (contract-call? .conxian-protocol get-protocol-admin)) (err u1000)) (map-set asset-registry asset { tier: tier  is-yield-bearing: is-yield-bearing }) (ok true))\n                                                                                                                                                    ^~~~~~~~~~~~~~~~\nerror: expected ',' separating key-value pairs in tuple\n--> /app/contracts/governance/upgrade-controller.clar:36:13\n            contract: contract \n            ^~~~~~~~\nerror: expected ',' separating key-value pairs in tuple\n--> /app/contracts/governance/upgrade-controller.clar:37:13\n            new-hash: new-impl-hash \n            ^~~~~~~~\nerror: expected ',' separating key-value pairs in tuple\n--> /app/contracts/traits/conxian-service-trait.clar:4:52\n  (get-health-metrics () (response { uptime: uint  error-rate: uint  last-heartbeat: uint } uint))\n                                                   ^~~~~~~~~~\nerror: expected ',' separating key-value pairs in tuple\n--> /app/contracts/traits/conxian-service-trait.clar:4:70\n  (get-health-metrics () (response { uptime: uint  error-rate: uint  last-heartbeat: uint } uint))\n                                                                     ^~~~~~~~~~~~~~\nerror: expected ',' separating key-value pairs in tuple\n--> /app/contracts/governance-token.clar:34:5\n    last-update: uint\n    ^~~~~~~~~~~\nerror: expected ',' separating key-value pairs in tuple\n--> /app/contracts/governance-token.clar:41:5\n    delegate: principal\n    ^~~~~~~~\nerror: expected ',' separating key-value pairs in tuple\n--> /app/contracts/governance-token.clar:119:9\n        sender: sender\n        ^~~~~~\nerror: expected ',' separating key-value pairs in tuple\n--> /app/contracts/governance-token.clar:120:9\n        recipient: recipient\n        ^~~~~~~~~\nerror: expected ',' separating key-value pairs in tuple\n--> /app/contracts/governance-token.clar:121:9\n        amount: amount\n        ^~~~~~\nerror: expected ',' separating key-value pairs in tuple\n--> /app/contracts/governance-token.clar:183:11\n          delegate: delegate\n          ^~~~~~~~\nerror: expected ',' separating key-value pairs in tuple\n--> /app/contracts/governance-token.clar:192:7\n      delegate: delegate\n      ^~~~~~~~\nerror: expected ',' separating key-value pairs in tuple\n--> /app/contracts/governance-token.clar:231:11\n          delegate: delegate\n          ^~~~~~~~\nerror: expected ',' separating key-value pairs in tuple\n--> /app/contracts/governance-token.clar:244:11\n          delegate: delegate\n          ^~~~~~~~\nerror: expected ',' separating key-value pairs in tuple\n--> /app/contracts/governance-token.clar:259:11\n          delegate: delegate\n          ^~~~~~~~\nerror: expected ',' separating key-value pairs in tuple\n--> /app/contracts/governance-token.clar:296:7\n      last-update: burn-block-height\n      ^~~~~~~~~~~\nerror: expected ',' separating key-value pairs in tuple\n--> /app/contracts/governance-token.clar:340:7\n      recipient: recipient\n      ^~~~~~~~~\nerror: expected ',' separating key-value pairs in tuple\n--> /app/contracts/governance-token.clar:341:7\n      amount: amount\n      ^~~~~~\nerror: expected ',' separating key-value pairs in tuple\n--> /app/contracts/governance-token.clar:364:9\n        owner: owner\n        ^~~~~\nerror: expected ',' separating key-value pairs in tuple\n--> /app/contracts/governance-token.clar:365:9\n        amount: amount\n        ^~~~~~\nerror: expected ',' separating key-value pairs in tuple\n--> /app/contracts/traits/core-traits.clar:6:48\n  (verify-passkey-signature ({hash: (buff 32)  sig: (buff 64)  key: (buff 33)}) (response bool uint))\n                                               ^~~\nerror: expected ',' separating key-value pairs in tuple\n--> /app/contracts/traits/core-traits.clar:6:64\n  (verify-passkey-signature ({hash: (buff 32)  sig: (buff 64)  key: (buff 33)}) (response bool uint))\n                                                               ^~~\nerror: expected ',' separating key-value pairs in tuple\n--> /app/contracts/governance/proposal-registry.clar:15:5\n    proposal-contract: principal\n    ^~~~~~~~~~~~~~~~~\nerror: expected ',' separating key-value pairs in tuple\n--> /app/contracts/governance/proposal-registry.clar:16:5\n    council-id: uint\n    ^~~~~~~~~~\nerror: expected ',' separating key-value pairs in tuple\n--> /app/contracts/governance/proposal-registry.clar:17:5\n    start-block: uint\n    ^~~~~~~~~~~\nerror: expected ',' separating key-value pairs in tuple\n--> /app/contracts/governance/proposal-registry.clar:18:5\n    end-block: uint\n    ^~~~~~~~~\nerror: expected ',' separating key-value pairs in tuple\n--> /app/contracts/governance/proposal-registry.clar:19:5\n    for-votes: uint\n    ^~~~~~~~~\nerror: expected ',' separating key-value pairs in tuple\n--> /app/contracts/governance/proposal-registry.clar:20:5\n    against-votes: uint\n    ^~~~~~~~~~~~~\nerror: expected ',' separating key-value pairs in tuple\n--> /app/contracts/governance/proposal-registry.clar:21:5\n    executed: bool\n    ^~~~~~~~\nerror: expected ',' separating key-value pairs in tuple\n--> /app/contracts/governance/proposal-registry.clar:22:5\n    canceled: bool\n    ^~~~~~~~\nerror: expected ',' separating key-value pairs in tuple\n--> /app/contracts/governance/proposal-registry.clar:30:5\n    voter: principal\n    ^~~~~\nerror: expected ',' separating key-value pairs in tuple\n--> /app/contracts/governance/proposal-registry.clar:51:7\n      voter: voter\n      ^~~~~\nerror: expected ',' separating key-value pairs in tuple\n--> /app/contracts/governance/proposal-registry.clar:70:9\n        proposal-contract: proposal-contract\n        ^~~~~~~~~~~~~~~~~\nerror: expected ',' separating key-value pairs in tuple\n--> /app/contracts/governance/proposal-registry.clar:71:9\n        council-id: council-id\n        ^~~~~~~~~~\nerror: expected ',' separating key-value pairs in tuple\n--> /app/contracts/governance/proposal-registry.clar:72:9\n        start-block: start\n        ^~~~~~~~~~~\nerror: expected ',' separating key-value pairs in tuple\n--> /app/contracts/governance/proposal-registry.clar:73:9\n        end-block: end\n        ^~~~~~~~~\nerror: expected ',' separating key-value pairs in tuple\n--> /app/contracts/governance/proposal-registry.clar:74:9\n        for-votes: u0\n        ^~~~~~~~~\nerror: expected ',' separating key-value pairs in tuple\n--> /app/contracts/governance/proposal-registry.clar:75:9\n        against-votes: u0\n        ^~~~~~~~~~~~~\nerror: expected ',' separating key-value pairs in tuple\n--> /app/contracts/governance/proposal-registry.clar:76:9\n        executed: false\n        ^~~~~~~~\nerror: expected ',' separating key-value pairs in tuple\n--> /app/contracts/governance/proposal-registry.clar:77:9\n        canceled: false\n        ^~~~~~~~\nerror: expected ',' separating key-value pairs in tuple\n--> /app/contracts/governance/proposal-registry.clar:114:9\n        voter: tx-sender\n        ^~~~~\nerror: expected ',' separating key-value pairs in tuple\n--> /app/contracts/governance/proposal-registry.clar:126:11\n          against-votes: (if (not support)\n          ^~~~~~~~~~~~~\nerror: expected ',' separating key-value pairs in tuple\n--> /app/contracts/governance/dao-treasury.clar:35:56\n        (print { event: \"ownership-transfer-requested\" new-owner: new-owner delay-end: (var-get transfer-delay-end) })\n                                                       ^~~~~~~~~\nerror: expected ',' separating key-value pairs in tuple\n--> /app/contracts/governance/dao-treasury.clar:35:77\n        (print { event: \"ownership-transfer-requested\" new-owner: new-owner delay-end: (var-get transfer-delay-end) })\n                                                                            ^~~~~~~~~\nerror: expected ',' separating key-value pairs in tuple\n--> /app/contracts/governance/dao-treasury.clar:50:56\n        (print { event: \"ownership-transfer-completed\" new-owner: new-owner })\n                                                       ^~~~~~~~~\nerror: expected ',' separating key-value pairs in tuple\n--> /app/contracts/governance/dao-treasury.clar:99:17\n                strategy: strategy\n                ^~~~~~~~\nerror: expected ',' separating key-value pairs in tuple\n--> /app/contracts/governance/dao-treasury.clar:100:17\n                amount: amount\n                ^~~~~~\nerror: expected ',' separating key-value pairs in tuple\n--> /app/contracts/governance/dao-treasury.clar:101:17\n                new-total: new-allocation\n                ^~~~~~~~~\nerror: expected ',' separating key-value pairs in tuple\n--> /app/contracts/governance/dao-treasury.clar:102:17\n                total-allocated: (var-get total-allocated)\n                ^~~~~~~~~~~~~~~\nerror: expected ',' separating key-value pairs in tuple\n--> /app/contracts/governance/dao-treasury.clar:131:17\n                strategy: strategy\n                ^~~~~~~~\nerror: expected ',' separating key-value pairs in tuple\n--> /app/contracts/governance/dao-treasury.clar:132:17\n                amount: amount\n                ^~~~~~\nerror: expected ',' separating key-value pairs in tuple\n--> /app/contracts/governance/dao-treasury.clar:133:17\n                remaining: (- current-allocation amount)\n                ^~~~~~~~~\nerror: expected ',' separating key-value pairs in tuple\n--> /app/contracts/dex/batch-auction.clar:16:5\n    token-out: principal\n    ^~~~~~~~~\nerror: expected ',' separating key-value pairs in tuple\n--> /app/contracts/dex/batch-auction.clar:17:5\n    seller: principal\n    ^~~~~~\nerror: expected ',' separating key-value pairs in tuple\n--> /app/contracts/dex/batch-auction.clar:18:5\n    amount: uint\n    ^~~~~~\nerror: expected ',' separating key-value pairs in tuple\n--> /app/contracts/dex/batch-auction.clar:19:5\n    min-bid: uint\n    ^~~~~~~\nerror: expected ',' separating key-value pairs in tuple\n--> /app/contracts/dex/batch-auction.clar:20:5\n    end-block: uint\n    ^~~~~~~~~\nerror: expected ',' separating key-value pairs in tuple\n--> /app/contracts/dex/batch-auction.clar:39:9\n        token-out: token-out\n        ^~~~~~~~~\nerror: expected ',' separating key-value pairs in tuple\n--> /app/contracts/dex/batch-auction.clar:40:9\n        seller: tx-sender\n        ^~~~~~\nerror: expected ',' separating key-value pairs in tuple\n--> /app/contracts/dex/batch-auction.clar:41:9\n        amount: amount\n        ^~~~~~\nerror: expected ',' separating key-value pairs in tuple\n--> /app/contracts/dex/batch-auction.clar:42:9\n        min-bid: min-bid\n        ^~~~~~~\nerror: expected ',' separating key-value pairs in tuple\n--> /app/contracts/dex/batch-auction.clar:43:9\n        end-block: (+ burn-block-height duration)\n        ^~~~~~~~~\nerror: expected ',' separating key-value pairs in tuple\n--> /app/contracts/governance/proposal-engine.clar:127:41\n    (print { event: \"set-voting-period\" period: new-period })\n                                        ^~~~~~\nerror: expected ',' separating key-value pairs in tuple\n--> /app/contracts/governance/proposal-engine.clar:138:45\n    (print { event: \"set-quorum-percentage\" quorum: new-quorum })\n                                            ^~~~~~\nerror: expected ',' separating key-value pairs in tuple\n--> /app/contracts/governance/proposal-engine.clar:150:45\n    (print { event: \"set-proposal-executor\" executor: new-executor })\n                                            ^~~~~~~~\nerror: expected ',' separating key-value pairs in tuple\n--> /app/contracts/governance/proposal-engine.clar:161:42\n    (print { event: \"transfer-ownership\" owner: new-owner })\n                                         ^~~~~\nerror: expected ',' separating key-value pairs in tuple\n--> /app/contracts/governance/proposal-engine.clar:172:48\n    (print { event: \"set-protocol-coordinator\" coordinator: new-coordinator })\n                                               ^~~~~~~~~~~\nerror: expected ',' separating key-value pairs in tuple\n--> /app/contracts/tokens/cxlp-position-nft.clar:30:9\n        pool: principal\n        ^~~~\nerror: expected ',' separating key-value pairs in tuple\n--> /app/contracts/tokens/cxlp-position-nft.clar:31:9\n        token0: principal\n        ^~~~~~\nerror: expected ',' separating key-value pairs in tuple\n--> /app/contracts/tokens/cxlp-position-nft.clar:32:9\n        token1: principal\n        ^~~~~~\nerror: expected ',' separating key-value pairs in tuple\n--> /app/contracts/tokens/cxlp-position-nft.clar:33:9\n        tick-lower: int\n        ^~~~~~~~~~\nerror: expected ',' separating key-value pairs in tuple\n--> /app/contracts/tokens/cxlp-position-nft.clar:34:9\n        tick-upper: int\n        ^~~~~~~~~~\nerror: expected ',' separating key-value pairs in tuple\n--> /app/contracts/tokens/cxlp-position-nft.clar:35:9\n        liquidity: uint\n        ^~~~~~~~~\nerror: expected ',' separating key-value pairs in tuple\n--> /app/contracts/tokens/cxlp-position-nft.clar:36:9\n        fee-growth-inside0-last: uint\n        ^~~~~~~~~~~~~~~~~~~~~~~\nerror: expected ',' separating key-value pairs in tuple\n--> /app/contracts/tokens/cxlp-position-nft.clar:37:9\n        fee-growth-inside1-last: uint\n        ^~~~~~~~~~~~~~~~~~~~~~~\nerror: expected ',' separating key-value pairs in tuple\n--> /app/contracts/tokens/cxlp-position-nft.clar:38:9\n        tokens-owed0: uint\n        ^~~~~~~~~~~~\nerror: expected ',' separating key-value pairs in tuple\n--> /app/contracts/tokens/cxlp-position-nft.clar:39:9\n        tokens-owed1: uint\n        ^~~~~~~~~~~~\nerror: expected ',' separating key-value pairs in tuple\n--> /app/contracts/tokens/cxlp-position-nft.clar:40:9\n        created-at: uint\n        ^~~~~~~~~~\nerror: expected ',' separating key-value pairs in tuple\n--> /app/contracts/tokens/cxlp-position-nft.clar:41:9\n        last-updated: uint\n        ^~~~~~~~~~~~\nerror: expected ',' separating key-value pairs in tuple\n--> /app/contracts/tokens/cxlp-position-nft.clar:49:9\n        position-id: position-id\n        ^~~~~~~~~~~\nerror: expected ',' separating key-value pairs in tuple\n--> /app/contracts/tokens/cxlp-position-nft.clar:50:9\n        owner: owner\n        ^~~~~\nerror: expected ',' separating key-value pairs in tuple\n--> /app/contracts/tokens/cxlp-position-nft.clar:51:9\n        pool: pool\n        ^~~~\nerror: expected ',' separating key-value pairs in tuple\n--> /app/contracts/tokens/cxlp-position-nft.clar:52:9\n        timestamp: burn-block-height\n        ^~~~~~~~~\nerror: expected ',' separating key-value pairs in tuple\n--> /app/contracts/tokens/cxlp-position-nft.clar:59:9\n        position-id: position-id\n        ^~~~~~~~~~~\nerror: expected ',' separating key-value pairs in tuple\n--> /app/contracts/tokens/cxlp-position-nft.clar:60:9\n        liquidity: liquidity\n        ^~~~~~~~~\nerror: expected ',' separating key-value pairs in tuple\n--> /app/contracts/tokens/cxlp-position-nft.clar:61:9\n        timestamp: burn-block-height\n        ^~~~~~~~~\nerror: expected ',' separating key-value pairs in tuple\n--> /app/contracts/tokens/cxlp-position-nft.clar:114:13\n            pool: pool\n            ^~~~\nerror: expected ',' separating key-value pairs in tuple\n--> /app/contracts/tokens/cxlp-position-nft.clar:115:13\n            token0: token0\n            ^~~~~~\nerror: expected ',' separating key-value pairs in tuple\n--> /app/contracts/tokens/cxlp-position-nft.clar:116:13\n            token1: token1\n            ^~~~~~\nerror: expected ',' separating key-value pairs in tuple\n--> /app/contracts/tokens/cxlp-position-nft.clar:117:13\n            tick-lower: tick-lower\n            ^~~~~~~~~~\nerror: expected ',' separating key-value pairs in tuple\n--> /app/contracts/tokens/cxlp-position-nft.clar:118:13\n            tick-upper: tick-upper\n            ^~~~~~~~~~\nerror: expected ',' separating key-value pairs in tuple\n--> /app/contracts/tokens/cxlp-position-nft.clar:119:13\n            liquidity: liquidity\n            ^~~~~~~~~\nerror: expected ',' separating key-value pairs in tuple\n--> /app/contracts/tokens/cxlp-position-nft.clar:120:13\n            fee-growth-inside0-last: u0\n            ^~~~~~~~~~~~~~~~~~~~~~~\nerror: expected ',' separating key-value pairs in tuple\n--> /app/contracts/tokens/cxlp-position-nft.clar:121:13\n            fee-growth-inside1-last: u0\n            ^~~~~~~~~~~~~~~~~~~~~~~\nerror: expected ',' separating key-value pairs in tuple\n--> /app/contracts/tokens/cxlp-position-nft.clar:122:13\n            tokens-owed0: u0\n            ^~~~~~~~~~~~\nerror: expected ',' separating key-value pairs in tuple\n--> /app/contracts/tokens/cxlp-position-nft.clar:123:13\n            tokens-owed1: u0\n            ^~~~~~~~~~~~\nerror: expected ',' separating key-value pairs in tuple\n--> /app/contracts/tokens/cxlp-position-nft.clar:124:13\n            created-at: burn-block-height\n            ^~~~~~~~~~\nerror: expected ',' separating key-value pairs in tuple\n--> /app/contracts/tokens/cxlp-position-nft.clar:125:13\n            last-updated: burn-block-height\n            ^~~~~~~~~~~~\nerror: expected ',' separating key-value pairs in tuple\n--> /app/contracts/utils/block-utils.clar:29:9\n        block-height: block-height\n        ^~~~~~~~~~~~\nerror: expected ',' separating key-value pairs in tuple\n--> /app/contracts/utils/block-utils.clar:30:9\n        block-time: burn-block-height\n        ^~~~~~~~~~\nerror: expected ',' separating key-value pairs in tuple\n--> /app/contracts/test-helpers/mock-csf-protocol.clar:6:32\n  (ok { amount-out: amount-in  fee-collected: (/ amount-in u100) })\n                               ^~~~~~~~~~~~~\nerror: expected ',' separating key-value pairs in tuple\n--> /app/contracts/test-helpers/mock-csf-protocol.clar:11:54\n(define-public (get-csf-health) (ok { tvl: u1000000  utilization: u50  is-active: true }))\n                                                     ^~~~~~~~~~~\nerror: expected ',' separating key-value pairs in tuple\n--> /app/contracts/test-helpers/mock-csf-protocol.clar:11:72\n(define-public (get-csf-health) (ok { tvl: u1000000  utilization: u50  is-active: true }))\n                                                                       ^~~~~~~~~\nerror: expected ',' separating key-value pairs in tuple\n--> /app/contracts/dimensional/dimensional-core.clar:41:22\n  { owner: principal id: uint }\n                     ^~\nerror: expected ',' separating key-value pairs in tuple\n--> /app/contracts/dimensional/dimensional-core.clar:44:5\n    size: int\n    ^~~~\nerror: expected ',' separating key-value pairs in tuple\n--> /app/contracts/dimensional/dimensional-core.clar:45:5\n    entry-price: uint\n    ^~~~~~~~~~~\nerror: expected ',' separating key-value pairs in tuple\n--> /app/contracts/dimensional/dimensional-core.clar:46:5\n    entry-time: uint        ;; Unix timestamp (burn-block-height)\n    ^~~~~~~~~~\nerror: expected ',' separating key-value pairs in tuple\n--> /app/contracts/dimensional/dimensional-core.clar:47:5\n    last-funding: uint     ;; Unix timestamp (burn-block-height)\n    ^~~~~~~~~~~~\nerror: expected ',' separating key-value pairs in tuple\n--> /app/contracts/dimensional/dimensional-core.clar:48:5\n    last-updated: uint     ;; Unix timestamp (burn-block-height)\n    ^~~~~~~~~~~~\nerror: expected ',' separating key-value pairs in tuple\n--> /app/contracts/dimensional/dimensional-core.clar:49:5\n    position-type: (string-ascii 20)\n    ^~~~~~~~~~~~~\nerror: expected ',' separating key-value pairs in tuple\n--> /app/contracts/dimensional/dimensional-core.clar:50:5\n    status: (string-ascii 20)\n    ^~~~~~\nerror: expected ',' separating key-value pairs in tuple\n--> /app/contracts/dimensional/dimensional-core.clar:51:5\n    max-leverage: uint\n    ^~~~~~~~~~~~\nerror: expected ',' separating key-value pairs in tuple\n--> /app/contracts/dimensional/dimensional-core.clar:52:5\n    maintenance-margin: uint\n    ^~~~~~~~~~~~~~~~~~\nerror: expected ',' separating key-value pairs in tuple\n--> /app/contracts/dimensional/dimensional-core.clar:53:5\n    tenure-id: uint         ;; Nakamoto Tenure ID (block-height based)\n    ^~~~~~~~~\nerror: expected ',' separating key-value pairs in tuple\n--> /app/contracts/dimensional/dimensional-core.clar:64:37\n  (map-get? positions { owner: user id: position-id })\n                                    ^~\nerror: expected ',' separating key-value pairs in tuple\n--> /app/contracts/dimensional/dimensional-core.clar:118:45\n      (map-set positions { owner: tx-sender id: pos-id } {\n                                            ^~\nerror: expected ',' separating key-value pairs in tuple\n--> /app/contracts/dimensional/dimensional-core.clar:120:9\n        size: (if (is-eq position-type \"LONG\") size (* size -1))\n        ^~~~\nerror: expected ',' separating key-value pairs in tuple\n--> /app/contracts/dimensional/dimensional-core.clar:121:9\n        entry-price: price\n        ^~~~~~~~~~~\nerror: expected ',' separating key-value pairs in tuple\n--> /app/contracts/dimensional/dimensional-core.clar:122:9\n        entry-time: burn-block-height\n        ^~~~~~~~~~\nerror: expected ',' separating key-value pairs in tuple\n--> /app/contracts/dimensional/dimensional-core.clar:123:9\n        last-funding: burn-block-height\n        ^~~~~~~~~~~~\nerror: expected ',' separating key-value pairs in tuple\n--> /app/contracts/dimensional/dimensional-core.clar:124:9\n        last-updated: burn-block-height\n        ^~~~~~~~~~~~\nerror: expected ',' separating key-value pairs in tuple\n--> /app/contracts/dimensional/dimensional-core.clar:125:9\n        position-type: position-type\n        ^~~~~~~~~~~~~\nerror: expected ',' separating key-value pairs in tuple\n--> /app/contracts/dimensional/dimensional-core.clar:126:9\n        status: \"ACTIVE\"\n        ^~~~~~\nerror: expected ',' separating key-value pairs in tuple\n--> /app/contracts/dimensional/dimensional-core.clar:127:9\n        max-leverage: leverage\n        ^~~~~~~~~~~~\nerror: expected ',' separating key-value pairs in tuple\n--> /app/contracts/dimensional/dimensional-core.clar:128:9\n        maintenance-margin: (+ DEFAULT_MAINTENANCE_MARGIN (* leverage leverage))\n        ^~~~~~~~~~~~~~~~~~\nerror: expected ',' separating key-value pairs in tuple\n--> /app/contracts/dimensional/dimensional-core.clar:129:9\n        tenure-id: (/ block-height u10)\n        ^~~~~~~~~\nerror: expected ',' separating key-value pairs in tuple\n--> /app/contracts/dimensional/dimensional-core.clar:156:45\n      (map-set positions { owner: tx-sender id: position-id } (merge pos { status: \"CLOSED\" last-updated: burn-block-height }))\n                                            ^~\nerror: expected ',' separating key-value pairs in tuple\n--> /app/contracts/dimensional/dimensional-core.clar:156:93\n      (map-set positions { owner: tx-sender id: position-id } (merge pos { status: \"CLOSED\" last-updated: burn-block-height }))\n                                                                                            ^~~~~~~~~~~~\nerror: expected ',' separating key-value pairs in tuple\n--> /app/contracts/dimensional/dimensional-core.clar:178:40\n      (map-set positions { owner: user id: position-id } (merge pos { status: \"LIQUIDATED\" last-updated: burn-block-height }))\n                                       ^~\nerror: expected ',' separating key-value pairs in tuple\n--> /app/contracts/dimensional/dimensional-core.clar:178:92\n      (map-set positions { owner: user id: position-id } (merge pos { status: \"LIQUIDATED\" last-updated: burn-block-height }))\n                                                                                           ^~~~~~~~~~~~\nerror: expected ',' separating key-value pairs in tuple\n--> /app/contracts/dimensional/dimensional-core.clar:188:56\n(define-private (calculate-pnl (pos { collateral: uint size: int entry-price: uint entry-time: uint last-funding: uint last-updated: uint position-type: (string-ascii 20) status: (string-ascii 20) max-leverage: uint maintenance-margin: uint tenure-id: uint }) (curr-price uint))\n                                                       ^~~~\nerror: expected ',' separating key-value pairs in tuple\n--> /app/contracts/dimensional/dimensional-core.clar:188:66\n(define-private (calculate-pnl (pos { collateral: uint size: int entry-price: uint entry-time: uint last-funding: uint last-updated: uint position-type: (string-ascii 20) status: (string-ascii 20) max-leverage: uint maintenance-margin: uint tenure-id: uint }) (curr-price uint))\n                                                                 ^~~~~~~~~~~\nerror: expected ',' separating key-value pairs in tuple\n--> /app/contracts/dimensional/dimensional-core.clar:188:84\n(define-private (calculate-pnl (pos { collateral: uint size: int entry-price: uint entry-time: uint last-funding: uint last-updated: uint position-type: (string-ascii 20) status: (string-ascii 20) max-leverage: uint maintenance-margin: uint tenure-id: uint }) (curr-price uint))\n                                                                                   ^~~~~~~~~~\nerror: expected ',' separating key-value pairs in tuple\n--> /app/contracts/dimensional/dimensional-core.clar:188:101\n(define-private (calculate-pnl (pos { collateral: uint size: int entry-price: uint entry-time: uint last-funding: uint last-updated: uint position-type: (string-ascii 20) status: (string-ascii 20) max-leverage: uint maintenance-margin: uint tenure-id: uint }) (curr-price uint))\n                                                                                                    ^~~~~~~~~~~~\nerror: expected ',' separating key-value pairs in tuple\n--> /app/contracts/dimensional/dimensional-core.clar:188:120\n(define-private (calculate-pnl (pos { collateral: uint size: int entry-price: uint entry-time: uint last-funding: uint last-updated: uint position-type: (string-ascii 20) status: (string-ascii 20) max-leverage: uint maintenance-margin: uint tenure-id: uint }) (curr-price uint))\n                                                                                                                       ^~~~~~~~~~~~\nerror: expected ',' separating key-value pairs in tuple\n--> /app/contracts/dimensional/dimensional-core.clar:188:139\n(define-private (calculate-pnl (pos { collateral: uint size: int entry-price: uint entry-time: uint last-funding: uint last-updated: uint position-type: (string-ascii 20) status: (string-ascii 20) max-leverage: uint maintenance-margin: uint tenure-id: uint }) (curr-price uint))\n                                                                                                                                          ^~~~~~~~~~~~~\nerror: expected ',' separating key-value pairs in tuple\n--> /app/contracts/dimensional/dimensional-core.clar:188:172\n(define-private (calculate-pnl (pos { collateral: uint size: int entry-price: uint entry-time: uint last-funding: uint last-updated: uint position-type: (string-ascii 20) status: (string-ascii 20) max-leverage: uint maintenance-margin: uint tenure-id: uint }) (curr-price uint))\n                                                                                                                                                                           ^~~~~~\nerror: expected ',' separating key-value pairs in tuple\n--> /app/contracts/dimensional/dimensional-core.clar:188:198\n(define-private (calculate-pnl (pos { collateral: uint size: int entry-price: uint entry-time: uint last-funding: uint last-updated: uint position-type: (string-ascii 20) status: (string-ascii 20) max-leverage: uint maintenance-margin: uint tenure-id: uint }) (curr-price uint))\n                                                                                                                                                                                                     ^~~~~~~~~~~~\nerror: expected ',' separating key-value pairs in tuple\n--> /app/contracts/dimensional/dimensional-core.clar:188:217\n(define-private (calculate-pnl (pos { collateral: uint size: int entry-price: uint entry-time: uint last-funding: uint last-updated: uint position-type: (string-ascii 20) status: (string-ascii 20) max-leverage: uint maintenance-margin: uint tenure-id: uint }) (curr-price uint))\n                                                                                                                                                                                                                        ^~~~~~~~~~~~~~~~~~\nerror: expected ',' separating key-value pairs in tuple\n--> /app/contracts/dimensional/dimensional-core.clar:188:242\n(define-private (calculate-pnl (pos { collateral: uint size: int entry-price: uint entry-time: uint last-funding: uint last-updated: uint position-type: (string-ascii 20) status: (string-ascii 20) max-leverage: uint maintenance-margin: uint tenure-id: uint }) (curr-price uint))\n                                                                                                                                                                                                                                                 ^~~~~~~~~\nerror: expected ',' separating key-value pairs in tuple\n--> /app/contracts/dimensional/dimensional-core.clar:201:57\n(define-private (calculate-fees (pos { collateral: uint size: int entry-price: uint entry-time: uint last-funding: uint last-updated: uint position-type: (string-ascii 20) status: (string-ascii 20) max-leverage: uint maintenance-margin: uint tenure-id: uint }))\n                                                        ^~~~\nerror: expected ',' separating key-value pairs in tuple\n--> /app/contracts/dimensional/dimensional-core.clar:201:67\n(define-private (calculate-fees (pos { collateral: uint size: int entry-price: uint entry-time: uint last-funding: uint last-updated: uint position-type: (string-ascii 20) status: (string-ascii 20) max-leverage: uint maintenance-margin: uint tenure-id: uint }))\n                                                                  ^~~~~~~~~~~\nerror: expected ',' separating key-value pairs in tuple\n--> /app/contracts/dimensional/dimensional-core.clar:201:85\n(define-private (calculate-fees (pos { collateral: uint size: int entry-price: uint entry-time: uint last-funding: uint last-updated: uint position-type: (string-ascii 20) status: (string-ascii 20) max-leverage: uint maintenance-margin: uint tenure-id: uint }))\n                                                                                    ^~~~~~~~~~\nerror: expected ',' separating key-value pairs in tuple\n--> /app/contracts/dimensional/dimensional-core.clar:201:102\n(define-private (calculate-fees (pos { collateral: uint size: int entry-price: uint entry-time: uint last-funding: uint last-updated: uint position-type: (string-ascii 20) status: (string-ascii 20) max-leverage: uint maintenance-margin: uint tenure-id: uint }))\n                                                                                                     ^~~~~~~~~~~~\nerror: expected ',' separating key-value pairs in tuple\n--> /app/contracts/dimensional/dimensional-core.clar:201:121\n(define-private (calculate-fees (pos { collateral: uint size: int entry-price: uint entry-time: uint last-funding: uint last-updated: uint position-type: (string-ascii 20) status: (string-ascii 20) max-leverage: uint maintenance-margin: uint tenure-id: uint }))\n                                                                                                                        ^~~~~~~~~~~~\nerror: expected ',' separating key-value pairs in tuple\n--> /app/contracts/dimensional/dimensional-core.clar:201:140\n(define-private (calculate-fees (pos { collateral: uint size: int entry-price: uint entry-time: uint last-funding: uint last-updated: uint position-type: (string-ascii 20) status: (string-ascii 20) max-leverage: uint maintenance-margin: uint tenure-id: uint }))\n                                                                                                                                           ^~~~~~~~~~~~~\nerror: expected ',' separating key-value pairs in tuple\n--> /app/contracts/dimensional/dimensional-core.clar:201:173\n(define-private (calculate-fees (pos { collateral: uint size: int entry-price: uint entry-time: uint last-funding: uint last-updated: uint position-type: (string-ascii 20) status: (string-ascii 20) max-leverage: uint maintenance-margin: uint tenure-id: uint }))\n                                                                                                                                                                            ^~~~~~\nerror: expected ',' separating key-value pairs in tuple\n--> /app/contracts/dimensional/dimensional-core.clar:201:199\n(define-private (calculate-fees (pos { collateral: uint size: int entry-price: uint entry-time: uint last-funding: uint last-updated: uint position-type: (string-ascii 20) status: (string-ascii 20) max-leverage: uint maintenance-margin: uint tenure-id: uint }))\n                                                                                                                                                                                                      ^~~~~~~~~~~~\nerror: expected ',' separating key-value pairs in tuple\n--> /app/contracts/dimensional/dimensional-core.clar:201:218\n(define-private (calculate-fees (pos { collateral: uint size: int entry-price: uint entry-time: uint last-funding: uint last-updated: uint position-type: (string-ascii 20) status: (string-ascii 20) max-leverage: uint maintenance-margin: uint tenure-id: uint }))\n                                                                                                                                                                                                                         ^~~~~~~~~~~~~~~~~~\nerror: expected ',' separating key-value pairs in tuple\n--> /app/contracts/dimensional/dimensional-core.clar:201:243\n(define-private (calculate-fees (pos { collateral: uint size: int entry-price: uint entry-time: uint last-funding: uint last-updated: uint position-type: (string-ascii 20) status: (string-ascii 20) max-leverage: uint maintenance-margin: uint tenure-id: uint }))\n                                                                                                                                                                                                                                                  ^~~~~~~~~\nerror: expected ',' separating key-value pairs in tuple\n--> /app/contracts/traits/conxian-csf-trait.clar:5:100\n  (execute-csf-swap (<sip-010-trait> <sip-010-trait> uint principal) (response { amount-out: uint  fee-collected: uint } uint))\n                                                                                                   ^~~~~~~~~~~~~\nerror: expected ',' separating key-value pairs in tuple\n--> /app/contracts/traits/conxian-csf-trait.clar:9:45\n  (get-csf-health () (response { tvl: uint  utilization: uint  is-active: bool } uint))\n                                            ^~~~~~~~~~~\nerror: expected ',' separating key-value pairs in tuple\n--> /app/contracts/traits/conxian-csf-trait.clar:9:64\n  (get-csf-health () (response { tvl: uint  utilization: uint  is-active: bool } uint))\n                                                               ^~~~~~~~~\nerror: expected ',' separating key-value pairs in tuple\n--> /app/contracts/compliance/compliance-hooks.clar:19:9\n        name: (string-ascii 64)\n        ^~~~\nerror: expected ',' separating key-value pairs in tuple\n--> /app/contracts/compliance/compliance-hooks.clar:20:9\n        registered-at: uint\n        ^~~~~~~~~~~~~\nerror: expected ',' separating key-value pairs in tuple\n--> /app/contracts/compliance/compliance-hooks.clar:54:13\n            name: name\n            ^~~~\nerror: expected ',' separating key-value pairs in tuple\n--> /app/contracts/compliance/compliance-hooks.clar:55:13\n            registered-at: burn-block-height\n            ^~~~~~~~~~~~~\nerror: expected ',' separating key-value pairs in tuple\n--> /app/contracts/compliance/compliance-hooks.clar:59:13\n            provider: provider\n            ^~~~~~~~\nerror: expected ',' separating key-value pairs in tuple\n--> /app/contracts/compliance/compliance-hooks.clar:60:13\n            name: name\n            ^~~~\nerror: expected ',' separating key-value pairs in tuple\n--> /app/contracts/compliance/compliance-hooks.clar:61:13\n            timestamp: burn-block-height\n            ^~~~~~~~~\nerror: expected ',' separating key-value pairs in tuple\n--> /app/contracts/compliance/compliance-hooks.clar:74:13\n            provider: provider\n            ^~~~~~~~\nerror: expected ',' separating key-value pairs in tuple\n--> /app/contracts/compliance/compliance-hooks.clar:75:13\n            timestamp: burn-block-height\n            ^~~~~~~~~\nerror: expected ',' separating key-value pairs in tuple\n--> /app/contracts/compliance/compliance-hooks.clar:90:17\n                user: user\n                ^~~~\nerror: expected ',' separating key-value pairs in tuple\n--> /app/contracts/compliance/compliance-hooks.clar:91:17\n                provider: tx-sender\n                ^~~~~~~~\nerror: expected ',' separating key-value pairs in tuple\n--> /app/contracts/compliance/compliance-hooks.clar:92:17\n                kyc-level: kyc-level\n                ^~~~~~~~~\nerror: expected ',' separating key-value pairs in tuple\n--> /app/contracts/compliance/compliance-hooks.clar:93:17\n                timestamp: burn-block-height\n                ^~~~~~~~~\nerror: expected ',' separating key-value pairs in tuple\n--> /app/contracts/compliance/compliance-hooks.clar:115:13\n            type: event\n            ^~~~\nerror: expected ',' separating key-value pairs in tuple\n--> /app/contracts/compliance/compliance-hooks.clar:116:13\n            details: details\n            ^~~~~~~\nerror: expected ',' separating key-value pairs in tuple\n--> /app/contracts/governance/proposal-executor.clar:121:9\n        proposal-id: proposal-id\n        ^~~~~~~~~~~\nerror: expected ',' separating key-value pairs in tuple\n--> /app/contracts/governance/proposal-executor.clar:122:9\n        votes-for: (get for-votes proposal)\n        ^~~~~~~~~\nerror: expected ',' separating key-value pairs in tuple\n--> /app/contracts/governance/proposal-executor.clar:123:9\n        votes-against: (get against-votes proposal)\n        ^~~~~~~~~~~~~\nerror: expected ',' separating key-value pairs in tuple\n--> /app/contracts/governance/proposal-executor.clar:124:9\n        contract: (contract-of proposal-contract)\n        ^~~~~~~~\nerror: expected ',' separating key-value pairs in tuple\n--> /app/contracts/governance/proposal-executor.clar:125:9\n        council-id: council-id\n        ^~~~~~~~~~\nerror: expected ',' separating key-value pairs in tuple\n--> /app/contracts/compliance/regulatory-adapter.clar:19:65\n(define-map compliance-attestations principal { validated: bool expires-at: uint })\n                                                                ^~~~~~~~~~\nerror: expected ',' separating key-value pairs in tuple\n--> /app/contracts/compliance/regulatory-adapter.clar:53:13\n            expires-at: expires-at\n            ^~~~~~~~~~\nerror: expected ',' separating key-value pairs in tuple\n--> /app/contracts/core/conxian-access.clar:5:38\n(define-map roles { user: principal  role: uint } bool)\n                                     ^~~~\nerror: expected ',' separating key-value pairs in tuple\n--> /app/contracts/core/conxian-access.clar:6:111\n(define-public (has-role (user principal) (role-id uint)) (ok (default-to false (map-get? roles { user: user  role: role-id }))))\n                                                                                                              ^~~~\nerror: expected ',' separating key-value pairs in tuple\n--> /app/contracts/core/conxian-access.clar:8:116\n  (begin (asserts! (is-eq tx-sender (var-get contract-owner)) (err ERR_UNAUTHORIZED)) (map-set roles { user: user  role: role-id } true) (ok true))\n                                                                                                                   ^~~~\nerror: expected ',' separating key-value pairs in tuple\n--> /app/contracts/core/conxian-access.clar:11:119\n  (begin (asserts! (is-eq tx-sender (var-get contract-owner)) (err ERR_UNAUTHORIZED)) (map-delete roles { user: user  role: role-id }) (ok true))\n                                                                                                                      ^~~~\nerror: expected ',' separating key-value pairs in tuple\n--> /app/contracts/core/conxian-access.clar:13:68\n(define-public (verify-passkey-signature (params {hash: (buff 32)  sig: (buff 64)  key: (buff 33)})) (ok true))\n                                                                   ^~~\nerror: expected ',' separating key-value pairs in tuple\n--> /app/contracts/core/conxian-access.clar:13:84\n(define-public (verify-passkey-signature (params {hash: (buff 32)  sig: (buff 64)  key: (buff 33)})) (ok true))\n                                                                                   ^~~\nerror: expected ',' separating key-value pairs in tuple\n--> /app/contracts/core/founder-vesting.clar:23:3\n  start-time: uint\n  ^~~~~~~~~~\nerror: expected ',' separating key-value pairs in tuple\n--> /app/contracts/core/founder-vesting.clar:24:3\n  end-time: uint\n  ^~~~~~~~\nerror: expected ',' separating key-value pairs in tuple\n--> /app/contracts/core/founder-vesting.clar:25:3\n  claimed-amount: uint\n  ^~~~~~~~~~~~~~\nerror: expected ',' separating key-value pairs in tuple\n--> /app/contracts/core/founder-vesting.clar:51:7\n      start-time: start-time\n      ^~~~~~~~~~\nerror: expected ',' separating key-value pairs in tuple\n--> /app/contracts/core/founder-vesting.clar:52:7\n      end-time: end-time\n      ^~~~~~~~\nerror: expected ',' separating key-value pairs in tuple\n--> /app/contracts/core/founder-vesting.clar:53:7\n      claimed-amount: u0\n      ^~~~~~~~~~~~~~\nerror: expected ',' separating key-value pairs in tuple\n--> /app/contracts/core/founder-vesting.clar:71:11\n          start-time: (get start-time (unwrap! schedule (err ERR_NO_VESTING_SCHEDULE)))\n          ^~~~~~~~~~\nerror: expected ',' separating key-value pairs in tuple\n--> /app/contracts/core/founder-vesting.clar:72:11\n          end-time: (get end-time (unwrap! schedule (err ERR_NO_VESTING_SCHEDULE)))\n          ^~~~~~~~\nerror: expected ',' separating key-value pairs in tuple\n--> /app/contracts/core/founder-vesting.clar:73:11\n          claimed-amount: vested-amount\n          ^~~~~~~~~~~~~~\nerror: expected ',' separating key-value pairs in tuple\n--> /app/contracts/core/founder-vesting.clar:75:43\n        (print { event: \"vesting-claimed\" beneficiary: tx-sender amount: claim-amount timestamp: burn-block-height })\n                                          ^~~~~~~~~~~\nerror: expected ',' separating key-value pairs in tuple\n--> /app/contracts/core/founder-vesting.clar:75:66\n        (print { event: \"vesting-claimed\" beneficiary: tx-sender amount: claim-amount timestamp: burn-block-height })\n                                                                 ^~~~~~\nerror: expected ',' separating key-value pairs in tuple\n--> /app/contracts/core/founder-vesting.clar:75:87\n        (print { event: \"vesting-claimed\" beneficiary: tx-sender amount: claim-amount timestamp: burn-block-height })\n                                                                                      ^~~~~~~~~\nerror: expected ',' separating key-value pairs in tuple\n--> /app/contracts/core/founder-vesting.clar:88:72\n(define-private (calculate-vested-amount (schedule {total-amount: uint start-time: uint end-time: uint claimed-amount: uint}))\n                                                                       ^~~~~~~~~~\nerror: expected ',' separating key-value pairs in tuple\n--> /app/contracts/core/founder-vesting.clar:88:89\n(define-private (calculate-vested-amount (schedule {total-amount: uint start-time: uint end-time: uint claimed-amount: uint}))\n                                                                                        ^~~~~~~~\nerror: expected ',' separating key-value pairs in tuple\n--> /app/contracts/core/founder-vesting.clar:88:104\n(define-private (calculate-vested-amount (schedule {total-amount: uint start-time: uint end-time: uint claimed-amount: uint}))\n                                                                                                       ^~~~~~~~~~~~~~\nerror: expected ',' separating key-value pairs in tuple\n--> /app/contracts/monitoring/monitoring-dashboard.clar:21:9\n        risk: risk\n        ^~~~\nerror: expected ',' separating key-value pairs in tuple\n--> /app/contracts/monitoring/monitoring-dashboard.clar:22:9\n        metrics: metrics\n        ^~~~~~~\nerror: expected ',' separating key-value pairs in tuple\n--> /app/contracts/monitoring/monitoring-dashboard.clar:23:9\n        gcr: gcr\n        ^~~\nerror: expected ',' separating key-value pairs in tuple\n--> /app/contracts/monitoring/monitoring-dashboard.clar:24:9\n        uptime: burn-block-height\n        ^~~~~~\nerror: expected ',' separating key-value pairs in tuple\n--> /app/contracts/monitoring/monitoring-dashboard.clar:32:5\n    healthy: true\n    ^~~~~~~\nerror: expected ',' separating key-value pairs in tuple\n--> /app/contracts/monitoring/monitoring-dashboard.clar:33:5\n    last-update: burn-block-height\n    ^~~~~~~~~~~\nerror: expected ',' separating key-value pairs in tuple\n--> /app/contracts/monitoring/monitoring-dashboard.clar:40:5\n    healthy-modules: u5\n    ^~~~~~~~~~~~~~~\nerror: expected ',' separating key-value pairs in tuple\n--> /app/contracts/monitoring/monitoring-dashboard.clar:41:5\n    overall-healthy: true\n    ^~~~~~~~~~~~~~~\nerror: expected ',' separating key-value pairs in tuple\n--> /app/contracts/monitoring/monitoring-dashboard.clar:42:5\n    timestamp: burn-block-height\n    ^~~~~~~~~\nerror: expected ',' separating key-value pairs in tuple\n--> /app/contracts/core/conxian-protocol.clar:4:62\n(define-map modules (string-ascii 50) { contract: principal  active: bool })\n                                                             ^~~~~~\nerror: expected ',' separating key-value pairs in tuple\n--> /app/contracts/core/conxian-protocol.clar:7:125\n  (begin (asserts! (is-eq tx-sender (var-get contract-owner)) ERR_UNAUTHORIZED) (map-set modules name { contract: contract  active: true }) (ok true))\n                                                                                                                            ^~~~~~\nerror: expected ',' separating key-value pairs in tuple\n--> /app/contracts/security/proof-of-reserves.clar:33:9\n        on-chain-balance: uint\n        ^~~~~~~~~~~~~~~~\nerror: expected ',' separating key-value pairs in tuple\n--> /app/contracts/security/proof-of-reserves.clar:34:9\n        off-chain-backing: uint\n        ^~~~~~~~~~~~~~~~~\nerror: expected ',' separating key-value pairs in tuple\n--> /app/contracts/security/proof-of-reserves.clar:35:9\n        last-update: uint\n        ^~~~~~~~~~~\nerror: expected ',' separating key-value pairs in tuple\n--> /app/contracts/security/proof-of-reserves.clar:36:9\n        attestation-count: uint\n        ^~~~~~~~~~~~~~~~~\nerror: expected ',' separating key-value pairs in tuple\n--> /app/contracts/security/proof-of-reserves.clar:42:24\n    { asset: principal attestor: principal }\n                       ^~~~~~~~\nerror: expected ',' separating key-value pairs in tuple\n--> /app/contracts/security/proof-of-reserves.clar:45:9\n        timestamp: uint\n        ^~~~~~~~~\nerror: expected ',' separating key-value pairs in tuple\n--> /app/contracts/security/proof-of-reserves.clar:46:9\n        signature: (buff 64)\n        ^~~~~~~~~\nerror: expected ',' separating key-value pairs in tuple\n--> /app/contracts/security/proof-of-reserves.clar:54:9\n        asset: asset\n        ^~~~~\nerror: expected ',' separating key-value pairs in tuple\n--> /app/contracts/security/proof-of-reserves.clar:55:9\n        amount: amount\n        ^~~~~~\nerror: expected ',' separating key-value pairs in tuple\n--> /app/contracts/security/proof-of-reserves.clar:56:9\n        timestamp: burn-block-height\n        ^~~~~~~~~\nerror: expected ',' separating key-value pairs in tuple\n--> /app/contracts/security/proof-of-reserves.clar:63:9\n        asset: asset\n        ^~~~~\nerror: expected ',' separating key-value pairs in tuple\n--> /app/contracts/security/proof-of-reserves.clar:64:9\n        attestor: attestor\n        ^~~~~~~~\nerror: expected ',' separating key-value pairs in tuple\n--> /app/contracts/security/proof-of-reserves.clar:65:9\n        amount: amount\n        ^~~~~~\nerror: expected ',' separating key-value pairs in tuple\n--> /app/contracts/security/proof-of-reserves.clar:66:9\n        timestamp: burn-block-height\n        ^~~~~~~~~\nerror: expected ',' separating key-value pairs in tuple\n--> /app/contracts/security/proof-of-reserves.clar:86:13\n            attestor: attestor\n            ^~~~~~~~\nerror: expected ',' separating key-value pairs in tuple\n--> /app/contracts/security/proof-of-reserves.clar:87:13\n            timestamp: burn-block-height\n            ^~~~~~~~~\nerror: expected ',' separating key-value pairs in tuple\n--> /app/contracts/security/proof-of-reserves.clar:100:13\n            attestor: attestor\n            ^~~~~~~~\nerror: expected ',' separating key-value pairs in tuple\n--> /app/contracts/security/proof-of-reserves.clar:101:13\n            timestamp: burn-block-height\n            ^~~~~~~~~\nerror: expected ',' separating key-value pairs in tuple\n--> /app/contracts/security/proof-of-reserves.clar:121:46\n        (map-set attestations { asset: asset attestor: attestor } {\n                                             ^~~~~~~~\nerror: expected ',' separating key-value pairs in tuple\n--> /app/contracts/security/proof-of-reserves.clar:123:13\n            timestamp: current-time\n            ^~~~~~~~~\nerror: expected ',' separating key-value pairs in tuple\n--> /app/contracts/security/proof-of-reserves.clar:124:13\n            signature: signature\n            ^~~~~~~~~\nerror: expected ',' separating key-value pairs in tuple\n--> /app/contracts/security/proof-of-reserves.clar:134:17\n                last-update: current-time\n                ^~~~~~~~~~~\nerror: expected ',' separating key-value pairs in tuple\n--> /app/contracts/security/proof-of-reserves.clar:135:17\n                attestation-count: (+ (get attestation-count existing-data) u1)\n                ^~~~~~~~~~~~~~~~~\nerror: expected ',' separating key-value pairs in tuple\n--> /app/contracts/security/proof-of-reserves.clar:140:17\n                on-chain-balance: u0\n                ^~~~~~~~~~~~~~~~\nerror: expected ',' separating key-value pairs in tuple\n--> /app/contracts/security/proof-of-reserves.clar:141:17\n                off-chain-backing: off-chain-amount\n                ^~~~~~~~~~~~~~~~~\nerror: expected ',' separating key-value pairs in tuple\n--> /app/contracts/security/proof-of-reserves.clar:142:17\n                last-update: current-time\n                ^~~~~~~~~~~\nerror: expected ',' separating key-value pairs in tuple\n--> /app/contracts/security/proof-of-reserves.clar:143:17\n                attestation-count: u1\n                ^~~~~~~~~~~~~~~~~\nerror: expected ',' separating key-value pairs in tuple\n--> /app/contracts/security/proof-of-reserves.clar:164:17\n                total-supply: total-supply\n                ^~~~~~~~~~~~\nerror: expected ',' separating key-value pairs in tuple\n--> /app/contracts/security/proof-of-reserves.clar:165:17\n                last-update: burn-block-height\n                ^~~~~~~~~~~\nerror: expected ',' separating key-value pairs in tuple\n--> /app/contracts/security/proof-of-reserves.clar:170:17\n                on-chain-balance: balance\n                ^~~~~~~~~~~~~~~~\nerror: expected ',' separating key-value pairs in tuple\n--> /app/contracts/security/proof-of-reserves.clar:171:17\n                off-chain-backing: u0\n                ^~~~~~~~~~~~~~~~~\nerror: expected ',' separating key-value pairs in tuple\n--> /app/contracts/security/proof-of-reserves.clar:172:17\n                last-update: burn-block-height\n                ^~~~~~~~~~~\nerror: expected ',' separating key-value pairs in tuple\n--> /app/contracts/security/proof-of-reserves.clar:173:17\n                attestation-count: u0\n                ^~~~~~~~~~~~~~~~~\nerror: expected ',' separating key-value pairs in tuple\n--> /app/contracts/security/proof-of-reserves.clar:232:43\n    (map-get? attestations { asset: asset attestor: attestor })\n                                          ^~~~~~~~\nerror: expected ',' separating key-value pairs in tuple\n--> /app/contracts/security/proof-of-reserves.clar:244:13\n            reserve-ratio: (get-reserve-ratio asset)\n            ^~~~~~~~~~~~~\nerror: expected ',' separating key-value pairs in tuple\n--> /app/contracts/security/proof-of-reserves.clar:245:13\n            attestation-count: (get attestation-count data)\n            ^~~~~~~~~~~~~~~~~\nerror: expected ',' separating key-value pairs in tuple\n--> /app/contracts/security/proof-of-reserves.clar:246:13\n            last-update: (get last-update data)\n            ^~~~~~~~~~~\nerror: expected ',' separating key-value pairs in tuple\n--> /app/contracts/security/proof-of-reserves.clar:247:13\n    
[...]
ating key-value pairs in tuple\n--> /app/contracts/dimensional/dimensional-core.clar:124:9\n        last-updated: burn-block-height\n        ^~~~~~~~~~~~\nerror: expected ',' separating key-value pairs in tuple\n--> /app/contracts/dimensional/dimensional-core.clar:125:9\n        position-type: position-type\n        ^~~~~~~~~~~~~\nerror: expected ',' separating key-value pairs in tuple\n--> /app/contracts/dimensional/dimensional-core.clar:126:9\n        status: \"ACTIVE\"\n        ^~~~~~\nerror: expected ',' separating key-value pairs in tuple\n--> /app/contracts/dimensional/dimensional-core.clar:127:9\n        max-leverage: leverage\n        ^~~~~~~~~~~~\nerror: expected ',' separating key-value pairs in tuple\n--> /app/contracts/dimensional/dimensional-core.clar:128:9\n        maintenance-margin: (+ DEFAULT_MAINTENANCE_MARGIN (* leverage leverage))\n        ^~~~~~~~~~~~~~~~~~\nerror: expected ',' separating key-value pairs in tuple\n--> /app/contracts/dimensional/dimensional-core.clar:129:9\n        tenure-id: (/ block-height u10)\n        ^~~~~~~~~\nerror: expected ',' separating key-value pairs in tuple\n--> /app/contracts/dimensional/dimensional-core.clar:156:45\n      (map-set positions { owner: tx-sender id: position-id } (merge pos { status: \"CLOSED\" last-updated: burn-block-height }))\n                                            ^~\nerror: expected ',' separating key-value pairs in tuple\n--> /app/contracts/dimensional/dimensional-core.clar:156:93\n      (map-set positions { owner: tx-sender id: position-id } (merge pos { status: \"CLOSED\" last-updated: burn-block-height }))\n                                                                                            ^~~~~~~~~~~~\nerror: expected ',' separating key-value pairs in tuple\n--> /app/contracts/dimensional/dimensional-core.clar:178:40\n      (map-set positions { owner: user id: position-id } (merge pos { status: \"LIQUIDATED\" last-updated: burn-block-height }))\n                                       ^~\nerror: expected ',' separating key-value pairs in tuple\n--> /app/contracts/dimensional/dimensional-core.clar:178:92\n      (map-set positions { owner: user id: position-id } (merge pos { status: \"LIQUIDATED\" last-updated: burn-block-height }))\n                                                                                           ^~~~~~~~~~~~\nerror: expected ',' separating key-value pairs in tuple\n--> /app/contracts/dimensional/dimensional-core.clar:188:56\n(define-private (calculate-pnl (pos { collateral: uint size: int entry-price: uint entry-time: uint last-funding: uint last-updated: uint position-type: (string-ascii 20) status: (string-ascii 20) max-leverage: uint maintenance-margin: uint tenure-id: uint }) (curr-price uint))\n                                                       ^~~~\nerror: expected ',' separating key-value pairs in tuple\n--> /app/contracts/dimensional/dimensional-core.clar:188:66\n(define-private (calculate-pnl (pos { collateral: uint size: int entry-price: uint entry-time: uint last-funding: uint last-updated: uint position-type: (string-ascii 20) status: (string-ascii 20) max-leverage: uint maintenance-margin: uint tenure-id: uint }) (curr-price uint))\n                                                                 ^~~~~~~~~~~\nerror: expected ',' separating key-value pairs in tuple\n--> /app/contracts/dimensional/dimensional-core.clar:188:84\n(define-private (calculate-pnl (pos { collateral: uint size: int entry-price: uint entry-time: uint last-funding: uint last-updated: uint position-type: (string-ascii 20) status: (string-ascii 20) max-leverage: uint maintenance-margin: uint tenure-id: uint }) (curr-price uint))\n                                                                                   ^~~~~~~~~~\nerror: expected ',' separating key-value pairs in tuple\n--> /app/contracts/dimensional/dimensional-core.clar:188:101\n(define-private (calculate-pnl (pos { collateral: uint size: int entry-price: uint entry-time: uint last-funding: uint last-updated: uint position-type: (string-ascii 20) status: (string-ascii 20) max-leverage: uint maintenance-margin: uint tenure-id: uint }) (curr-price uint))\n                                                                                                    ^~~~~~~~~~~~\nerror: expected ',' separating key-value pairs in tuple\n--> /app/contracts/dimensional/dimensional-core.clar:188:120\n(define-private (calculate-pnl (pos { collateral: uint size: int entry-price: uint entry-time: uint last-funding: uint last-updated: uint position-type: (string-ascii 20) status: (string-ascii 20) max-leverage: uint maintenance-margin: uint tenure-id: uint }) (curr-price uint))\n                                                                                                                       ^~~~~~~~~~~~\nerror: expected ',' separating key-value pairs in tuple\n--> /app/contracts/dimensional/dimensional-core.clar:188:139\n(define-private (calculate-pnl (pos { collateral: uint size: int entry-price: uint entry-time: uint last-funding: uint last-updated: uint position-type: (string-ascii 20) status: (string-ascii 20) max-leverage: uint maintenance-margin: uint tenure-id: uint }) (curr-price uint))\n                                                                                                                                          ^~~~~~~~~~~~~\nerror: expected ',' separating key-value pairs in tuple\n--> /app/contracts/dimensional/dimensional-core.clar:188:172\n(define-private (calculate-pnl (pos { collateral: uint size: int entry-price: uint entry-time: uint last-funding: uint last-updated: uint position-type: (string-ascii 20) status: (string-ascii 20) max-leverage: uint maintenance-margin: uint tenure-id: uint }) (curr-price uint))\n                                                                                                                                                                           ^~~~~~\nerror: expected ',' separating key-value pairs in tuple\n--> /app/contracts/dimensional/dimensional-core.clar:188:198\n(define-private (calculate-pnl (pos { collateral: uint size: int entry-price: uint entry-time: uint last-funding: uint last-updated: uint position-type: (string-ascii 20) status: (string-ascii 20) max-leverage: uint maintenance-margin: uint tenure-id: uint }) (curr-price uint))\n                                                                                                                                                                                                     ^~~~~~~~~~~~\nerror: expected ',' separating key-value pairs in tuple\n--> /app/contracts/dimensional/dimensional-core.clar:188:217\n(define-private (calculate-pnl (pos { collateral: uint size: int entry-price: uint entry-time: uint last-funding: uint last-updated: uint position-type: (string-ascii 20) status: (string-ascii 20) max-leverage: uint maintenance-margin: uint tenure-id: uint }) (curr-price uint))\n                                                                                                                                                                                                                        ^~~~~~~~~~~~~~~~~~\nerror: expected ',' separating key-value pairs in tuple\n--> /app/contracts/dimensional/dimensional-core.clar:188:242\n(define-private (calculate-pnl (pos { collateral: uint size: int entry-price: uint entry-time: uint last-funding: uint last-updated: uint position-type: (string-ascii 20) status: (string-ascii 20) max-leverage: uint maintenance-margin: uint tenure-id: uint }) (curr-price uint))\n                                                                                                                                                                                                                                                 ^~~~~~~~~\nerror: expected ',' separating key-value pairs in tuple\n--> /app/contracts/dimensional/dimensional-core.clar:201:57\n(define-private (calculate-fees (pos { collateral: uint size: int entry-price: uint entry-time: uint last-funding: uint last-updated: uint position-type: (string-ascii 20) status: (string-ascii 20) max-leverage: uint maintenance-margin: uint tenure-id: uint }))\n                                                        ^~~~\nerror: expected ',' separating key-value pairs in tuple\n--> /app/contracts/dimensional/dimensional-core.clar:201:67\n(define-private (calculate-fees (pos { collateral: uint size: int entry-price: uint entry-time: uint last-funding: uint last-updated: uint position-type: (string-ascii 20) status: (string-ascii 20) max-leverage: uint maintenance-margin: uint tenure-id: uint }))\n                                                                  ^~~~~~~~~~~\nerror: expected ',' separating key-value pairs in tuple\n--> /app/contracts/dimensional/dimensional-core.clar:201:85\n(define-private (calculate-fees (pos { collateral: uint size: int entry-price: uint entry-time: uint last-funding: uint last-updated: uint position-type: (string-ascii 20) status: (string-ascii 20) max-leverage: uint maintenance-margin: uint tenure-id: uint }))\n                                                                                    ^~~~~~~~~~\nerror: expected ',' separating key-value pairs in tuple\n--> /app/contracts/dimensional/dimensional-core.clar:201:102\n(define-private (calculate-fees (pos { collateral: uint size: int entry-price: uint entry-time: uint last-funding: uint last-updated: uint position-type: (string-ascii 20) status: (string-ascii 20) max-leverage: uint maintenance-margin: uint tenure-id: uint }))\n                                                                                                     ^~~~~~~~~~~~\nerror: expected ',' separating key-value pairs in tuple\n--> /app/contracts/dimensional/dimensional-core.clar:201:121\n(define-private (calculate-fees (pos { collateral: uint size: int entry-price: uint entry-time: uint last-funding: uint last-updated: uint position-type: (string-ascii 20) status: (string-ascii 20) max-leverage: uint maintenance-margin: uint tenure-id: uint }))\n                                                                                                                        ^~~~~~~~~~~~\nerror: expected ',' separating key-value pairs in tuple\n--> /app/contracts/dimensional/dimensional-core.clar:201:140\n(define-private (calculate-fees (pos { collateral: uint size: int entry-price: uint entry-time: uint last-funding: uint last-updated: uint position-type: (string-ascii 20) status: (string-ascii 20) max-leverage: uint maintenance-margin: uint tenure-id: uint }))\n                                                                                                                                           ^~~~~~~~~~~~~\nerror: expected ',' separating key-value pairs in tuple\n--> /app/contracts/dimensional/dimensional-core.clar:201:173\n(define-private (calculate-fees (pos { collateral: uint size: int entry-price: uint entry-time: uint last-funding: uint last-updated: uint position-type: (string-ascii 20) status: (string-ascii 20) max-leverage: uint maintenance-margin: uint tenure-id: uint }))\n                                                                                                                                                                            ^~~~~~\nerror: expected ',' separating key-value pairs in tuple\n--> /app/contracts/dimensional/dimensional-core.clar:201:199\n(define-private (calculate-fees (pos { collateral: uint size: int entry-price: uint entry-time: uint last-funding: uint last-updated: uint position-type: (string-ascii 20) status: (string-ascii 20) max-leverage: uint maintenance-margin: uint tenure-id: uint }))\n                                                                                                                                                                                                      ^~~~~~~~~~~~\nerror: expected ',' separating key-value pairs in tuple\n--> /app/contracts/dimensional/dimensional-core.clar:201:218\n(define-private (calculate-fees (pos { collateral: uint size: int entry-price: uint entry-time: uint last-funding: uint last-updated: uint position-type: (string-ascii 20) status: (string-ascii 20) max-leverage: uint maintenance-margin: uint tenure-id: uint }))\n                                                                                                                                                                                                                         ^~~~~~~~~~~~~~~~~~\nerror: expected ',' separating key-value pairs in tuple\n--> /app/contracts/dimensional/dimensional-core.clar:201:243\n(define-private (calculate-fees (pos { collateral: uint size: int entry-price: uint entry-time: uint last-funding: uint last-updated: uint position-type: (string-ascii 20) status: (string-ascii 20) max-leverage: uint maintenance-margin: uint tenure-id: uint }))\n                                                                                                                                                                                                                                                  ^~~~~~~~~\nerror: expected ',' separating key-value pairs in tuple\n--> /app/contracts/governance/proposal-executor.clar:121:9\n        proposal-id: proposal-id\n        ^~~~~~~~~~~\nerror: expected ',' separating key-value pairs in tuple\n--> /app/contracts/governance/proposal-executor.clar:122:9\n        votes-for: (get for-votes proposal)\n        ^~~~~~~~~\nerror: expected ',' separating key-value pairs in tuple\n--> /app/contracts/governance/proposal-executor.clar:123:9\n        votes-against: (get against-votes proposal)\n        ^~~~~~~~~~~~~\nerror: expected ',' separating key-value pairs in tuple\n--> /app/contracts/governance/proposal-executor.clar:124:9\n        contract: (contract-of proposal-contract)\n        ^~~~~~~~\nerror: expected ',' separating key-value pairs in tuple\n--> /app/contracts/governance/proposal-executor.clar:125:9\n        council-id: council-id\n        ^~~~~~~~~~\nerror: expected ',' separating key-value pairs in tuple\n--> /app/contracts/governance/reputation-engine.clar:20:5\n    score: uint\n    ^~~~~\nerror: expected ',' separating key-value pairs in tuple\n--> /app/contracts/governance/reputation-engine.clar:68:7\n      score: INITIAL_ACTIVITY_SCORE\n      ^~~~~\nerror: expected ',' separating key-value pairs in tuple\n--> /app/contracts/governance/proposal-engine.clar:127:41\n    (print { event: \"set-voting-period\" period: new-period })\n                                        ^~~~~~\nerror: expected ',' separating key-value pairs in tuple\n--> /app/contracts/governance/proposal-engine.clar:138:45\n    (print { event: \"set-quorum-percentage\" quorum: new-quorum })\n                                            ^~~~~~\nerror: expected ',' separating key-value pairs in tuple\n--> /app/contracts/governance/proposal-engine.clar:150:45\n    (print { event: \"set-proposal-executor\" executor: new-executor })\n                                            ^~~~~~~~\nerror: expected ',' separating key-value pairs in tuple\n--> /app/contracts/governance/proposal-engine.clar:161:42\n    (print { event: \"transfer-ownership\" owner: new-owner })\n                                         ^~~~~\nerror: expected ',' separating key-value pairs in tuple\n--> /app/contracts/governance/proposal-engine.clar:172:48\n    (print { event: \"set-protocol-coordinator\" coordinator: new-coordinator })\n                                               ^~~~~~~~~~~\nerror: expected ',' separating key-value pairs in tuple\n--> /app/contracts/oracle/oracle-aggregator.clar:3:52\n(define-map asset-registry principal { tier: uint  is-yield-bearing: bool })\n                                                   ^~~~~~~~~~~~~~~~\nerror: expected ',' separating key-value pairs in tuple\n--> /app/contracts/oracle/oracle-aggregator.clar:5:149\n  (begin (asserts! (is-eq tx-sender (contract-call? .conxian-protocol get-protocol-admin)) (err u1000)) (map-set asset-registry asset { tier: tier  is-yield-bearing: is-yield-bearing }) (ok true))\n                                                                                                                                                    ^~~~~~~~~~~~~~~~\nerror: expected ',' separating key-value pairs in tuple\n--> /app/contracts/test-helpers/mock-proposal.clar:37:41\n    (print { event: \"proposal-executed\" proposer: (var-get proposer) executor: caller })\n                                        ^~~~~~~~\nerror: expected ',' separating key-value pairs in tuple\n--> /app/contracts/test-helpers/mock-proposal.clar:37:70\n    (print { event: \"proposal-executed\" proposer: (var-get proposer) executor: caller })\n                                                                     ^~~~~~~~\nerror: expected ',' separating key-value pairs in tuple\n--> /app/contracts/dex/batch-auction.clar:16:5\n    token-out: principal\n    ^~~~~~~~~\nerror: expected ',' separating key-value pairs in tuple\n--> /app/contracts/dex/batch-auction.clar:17:5\n    seller: principal\n    ^~~~~~\nerror: expected ',' separating key-value pairs in tuple\n--> /app/contracts/dex/batch-auction.clar:18:5\n    amount: uint\n    ^~~~~~\nerror: expected ',' separating key-value pairs in tuple\n--> /app/contracts/dex/batch-auction.clar:19:5\n    min-bid: uint\n    ^~~~~~~\nerror: expected ',' separating key-value pairs in tuple\n--> /app/contracts/dex/batch-auction.clar:20:5\n    end-block: uint\n    ^~~~~~~~~\nerror: expected ',' separating key-value pairs in tuple\n--> /app/contracts/dex/batch-auction.clar:39:9\n        token-out: token-out\n        ^~~~~~~~~\nerror: expected ',' separating key-value pairs in tuple\n--> /app/contracts/dex/batch-auction.clar:40:9\n        seller: tx-sender\n        ^~~~~~\nerror: expected ',' separating key-value pairs in tuple\n--> /app/contracts/dex/batch-auction.clar:41:9\n        amount: amount\n        ^~~~~~\nerror: expected ',' separating key-value pairs in tuple\n--> /app/contracts/dex/batch-auction.clar:42:9\n        min-bid: min-bid\n        ^~~~~~~\nerror: expected ',' separating key-value pairs in tuple\n--> /app/contracts/dex/batch-auction.clar:43:9\n        end-block: (+ burn-block-height duration)\n        ^~~~~~~~~\nerror: expected ',' separating key-value pairs in tuple\n--> /app/contracts/compliance/compliance-manager.clar:20:9\n        kyc-level: uint\n        ^~~~~~~~~\nerror: expected ',' separating key-value pairs in tuple\n--> /app/contracts/compliance/compliance-manager.clar:21:9\n        travel-rule-checked: bool\n        ^~~~~~~~~~~~~~~~~~~\nerror: expected ',' separating key-value pairs in tuple\n--> /app/contracts/compliance/compliance-manager.clar:22:9\n        last-updated: uint\n        ^~~~~~~~~~~~\nerror: expected ',' separating key-value pairs in tuple\n--> /app/contracts/compliance/compliance-manager.clar:71:13\n            kyc-level: kyc-level\n            ^~~~~~~~~\nerror: expected ',' separating key-value pairs in tuple\n--> /app/contracts/compliance/compliance-manager.clar:72:13\n            travel-rule-checked: travel-rule-checked\n            ^~~~~~~~~~~~~~~~~~~\nerror: expected ',' separating key-value pairs in tuple\n--> /app/contracts/compliance/compliance-manager.clar:73:13\n            last-updated: burn-block-height\n            ^~~~~~~~~~~~\nerror: expected ',' separating key-value pairs in tuple\n--> /app/contracts/compliance/compliance-manager.clar:77:13\n            user: user\n            ^~~~\nerror: expected ',' separating key-value pairs in tuple\n--> /app/contracts/compliance/compliance-manager.clar:78:13\n            kyc-level: kyc-level\n            ^~~~~~~~~\nerror: expected ',' separating key-value pairs in tuple\n--> /app/contracts/compliance/compliance-manager.clar:79:13\n            timestamp: burn-block-height\n            ^~~~~~~~~","name":"/app/tests/csf-full-system.test.ts"}]}
